<?xml version="1.0" encoding="UTF-8" ?>
<testsuite tests="1" failures="0" name="com.position.PositionExecutorTest" time="0.1" errors="1" skipped="0">
  <properties>
    <property name="java.vendor" value="Oracle Corporation"/>
    <property name="localRepository" value="/Users/liht/.m2/repository"/>
    <property name="sun.java.launcher" value="SUN_STANDARD"/>
    <property name="env.XPC_SERVICE_NAME" value="com.jetbrains.intellij.2824"/>
    <property name="sun.management.compiler" value="HotSpot 64-Bit Tiered Compilers"/>
    <property name="os.name" value="Mac OS X"/>
    <property name="sun.boot.class.path" value="/Library/Java/JavaVirtualMachines/jdk1.8.0_211.jdk/Contents/Home/jre/lib/resources.jar:/Library/Java/JavaVirtualMachines/jdk1.8.0_211.jdk/Contents/Home/jre/lib/rt.jar:/Library/Java/JavaVirtualMachines/jdk1.8.0_211.jdk/Contents/Home/jre/lib/sunrsasign.jar:/Library/Java/JavaVirtualMachines/jdk1.8.0_211.jdk/Contents/Home/jre/lib/jsse.jar:/Library/Java/JavaVirtualMachines/jdk1.8.0_211.jdk/Contents/Home/jre/lib/jce.jar:/Library/Java/JavaVirtualMachines/jdk1.8.0_211.jdk/Contents/Home/jre/lib/charsets.jar:/Library/Java/JavaVirtualMachines/jdk1.8.0_211.jdk/Contents/Home/jre/lib/jfr.jar:/Library/Java/JavaVirtualMachines/jdk1.8.0_211.jdk/Contents/Home/jre/classes"/>
    <property name="env.TMPDIR" value="/var/folders/t3/2hwrqtg51dgfgsh0z_3yqs9r0000gn/T/"/>
    <property name="env.PWD" value="/Users/liht/Downloads/git/mygit/car-commons/car-commons"/>
    <property name="java.vm.specification.vendor" value="Oracle Corporation"/>
    <property name="java.runtime.version" value="1.8.0_211-b12"/>
    <property name="idea.version2019.3.5" value="true"/>
    <property name="user.name" value="liht"/>
    <property name="maven.build.version" value="Apache Maven 3.6.3 (cecedd343002696d0abb50b32b541b8a6ba2883f)"/>
    <property name="env.USER" value="liht"/>
    <property name="env.SHELL" value="/bin/zsh"/>
    <property name="env.__CF_USER_TEXT_ENCODING" value="0x1F5:0x19:0x34"/>
    <property name="env.PATH" value="/usr/local/sbin:/usr/local/bin:/usr/local/sbin:/usr/local/bin:/Users/liht/Downloads/apache-maven-3.6.3/bin:/Library/Java/JavaVirtualMachines/jdk1.8.0_211.jdk/Contents/Home/bin:/usr/local/bin:/usr/bin:/bin:/usr/sbin:/sbin:.:."/>
    <property name="user.language" value="zh"/>
    <property name="sun.boot.library.path" value="/Library/Java/JavaVirtualMachines/jdk1.8.0_211.jdk/Contents/Home/jre/lib"/>
    <property name="classworlds.conf" value="/Users/liht/Downloads/apache-maven-3.6.3/bin/m2.conf"/>
    <property name="env.XPC_FLAGS" value="0x0"/>
    <property name="env.LC_CTYPE" value="zh_CN.UTF-8"/>
    <property name="java.version" value="1.8.0_211"/>
    <property name="user.timezone" value=""/>
    <property name="sun.arch.data.model" value="64"/>
    <property name="http.nonProxyHosts" value="local|*.local|169.254/16|*.169.254/16"/>
    <property name="java.endorsed.dirs" value="/Library/Java/JavaVirtualMachines/jdk1.8.0_211.jdk/Contents/Home/jre/lib/endorsed"/>
    <property name="sun.cpu.isalist" value=""/>
    <property name="sun.jnu.encoding" value="UTF-8"/>
    <property name="file.encoding.pkg" value="sun.io"/>
    <property name="env.HOMEBREW_BOTTLE_DOMAIN" value="https://mirrors.ustc.edu.cn/homebrew-bottles"/>
    <property name="file.separator" value="/"/>
    <property name="java.specification.name" value="Java Platform API Specification"/>
    <property name="maven.conf" value="/Users/liht/Downloads/apache-maven-3.6.3/conf"/>
    <property name="java.class.version" value="52.0"/>
    <property name="user.country" value="CN"/>
    <property name="java.home" value="/Library/Java/JavaVirtualMachines/jdk1.8.0_211.jdk/Contents/Home/jre"/>
    <property name="java.vm.info" value="mixed mode"/>
    <property name="env.LOGNAME" value="liht"/>
    <property name="os.version" value="10.15.7"/>
    <property name="path.separator" value=":"/>
    <property name="java.vm.version" value="25.211-b12"/>
    <property name="maven.ext.class.path" value="/Applications/IntelliJ IDEA.app/Contents/plugins/maven/lib/maven-event-listener.jar"/>
    <property name="env.JAVA_HOME" value="/Library/Java/JavaVirtualMachines/jdk1.8.0_211.jdk/Contents/Home"/>
    <property name="java.awt.printerjob" value="sun.lwawt.macosx.CPrinterJob"/>
    <property name="sun.io.unicode.encoding" value="UnicodeBig"/>
    <property name="awt.toolkit" value="sun.lwawt.macosx.LWCToolkit"/>
    <property name="socksNonProxyHosts" value="local|*.local|169.254/16|*.169.254/16"/>
    <property name="ftp.nonProxyHosts" value="local|*.local|169.254/16|*.169.254/16"/>
    <property name="user.home" value="/Users/liht"/>
    <property name="env.VERSIONER_PYTHON_VERSION" value="2.7"/>
    <property name="env.OLDPWD" value="/Applications/IntelliJ IDEA.app/Contents/bin"/>
    <property name="java.specification.vendor" value="Oracle Corporation"/>
    <property name="env.CLASSPATH" value="/Library/Java/JavaVirtualMachines/jdk1.8.0_211.jdk/Contents/Home/lib/tools.jar:/Library/Java/JavaVirtualMachines/jdk1.8.0_211.jdk/Contents/Home/lib/dt.jar:."/>
    <property name="env.M2_HOME" value="/Users/liht/Downloads/apache-maven-3.6.3"/>
    <property name="java.library.path" value="/Users/liht/Library/Java/Extensions:/Library/Java/Extensions:/Network/Library/Java/Extensions:/System/Library/Java/Extensions:/usr/lib/java:."/>
    <property name="java.vendor.url" value="http://java.oracle.com/"/>
    <property name="java.vm.vendor" value="Oracle Corporation"/>
    <property name="gopherProxySet" value="false"/>
    <property name="maven.home" value="/Users/liht/Downloads/apache-maven-3.6.3"/>
    <property name="java.runtime.name" value="Java(TM) SE Runtime Environment"/>
    <property name="sun.java.command" value="org.codehaus.classworlds.Launcher -Didea.version2019.3.5 -s /Users/liht/Downloads/apache-maven-3.6.3/conf/settings.xml install"/>
    <property name="java.class.path" value="/Users/liht/Downloads/apache-maven-3.6.3/boot/plexus-classworlds.license:/Users/liht/Downloads/apache-maven-3.6.3/boot/plexus-classworlds-2.6.0.jar:/Applications/IntelliJ IDEA.app/Contents/lib/idea_rt.jar"/>
    <property name="maven.version" value="3.6.3"/>
    <property name="java.vm.specification.name" value="Java Virtual Machine Specification"/>
    <property name="java.vm.specification.version" value="1.8"/>
    <property name="sun.cpu.endian" value="little"/>
    <property name="sun.os.patch.level" value="unknown"/>
    <property name="env.HOME" value="/Users/liht"/>
    <property name="surefire.test.class.path" value="/Users/liht/Downloads/git/mygit/car-commons/car-commons/car-commons-position/target/test-classes:/Users/liht/Downloads/git/mygit/car-commons/car-commons/car-commons-position/target/classes:/Users/liht/Downloads/git/mygit/car-commons/car-commons/car-commons-aviator/target/car-commons-aviator.jar:/Users/liht/.m2/repository/org/slf4j/log4j-over-slf4j/1.7.7/log4j-over-slf4j-1.7.7.jar:/Users/liht/.m2/repository/org/slf4j/slf4j-api/1.7.7/slf4j-api-1.7.7.jar:/Users/liht/.m2/repository/junit/junit/4.9/junit-4.9.jar:/Users/liht/.m2/repository/org/hamcrest/hamcrest-core/1.1/hamcrest-core-1.1.jar:/Users/liht/.m2/repository/com/googlecode/aviator/aviator/3.0.0/aviator-3.0.0.jar:/Users/liht/.m2/repository/commons-beanutils/commons-beanutils/1.8.3/commons-beanutils-1.8.3.jar:/Users/liht/.m2/repository/commons-logging/commons-logging/1.1.1/commons-logging-1.1.1.jar:/Users/liht/.m2/repository/org/projectlombok/lombok/1.16.10/lombok-1.16.10.jar:/Users/liht/.m2/repository/com/alibaba/fastjson/1.2.29/fastjson-1.2.29.jar:/Users/liht/.m2/repository/com/lyqc/base/lyqc-base/1.5.0-SNAPSHOT/lyqc-base-1.5.0-SNAPSHOT.jar:/Users/liht/.m2/repository/javax/validation/validation-api/2.0.1.Final/validation-api-2.0.1.Final.jar:/Users/liht/.m2/repository/org/glassfish/javax.el/3.0.0/javax.el-3.0.0.jar:/Users/liht/.m2/repository/javax/el/el-api/2.2/el-api-2.2.jar:/Users/liht/.m2/repository/net/sf/oval/oval/1.90/oval-1.90.jar:/Users/liht/.m2/repository/io/swagger/swagger-annotations/1.5.13/swagger-annotations-1.5.13.jar:/Users/liht/.m2/repository/org/hibernate/validator/hibernate-validator/6.0.0.Final/hibernate-validator-6.0.0.Final.jar:/Users/liht/.m2/repository/org/jboss/logging/jboss-logging/3.3.0.Final/jboss-logging-3.3.0.Final.jar:/Users/liht/.m2/repository/com/fasterxml/classmate/1.3.1/classmate-1.3.1.jar:/Users/liht/.m2/repository/org/codehaus/jackson/jackson-core-asl/1.9.13/jackson-core-asl-1.9.13.jar:/Users/liht/.m2/repository/com/fasterxml/jackson/core/jackson-annotations/2.9.0/jackson-annotations-2.9.0.jar:"/>
    <property name="java.io.tmpdir" value="/var/folders/t3/2hwrqtg51dgfgsh0z_3yqs9r0000gn/T/"/>
    <property name="java.vendor.url.bug" value="http://bugreport.sun.com/bugreport/"/>
    <property name="maven.multiModuleProjectDirectory" value="/Users/liht/Downloads/git/mygit/car-commons/car-commons"/>
    <property name="env.SSH_AUTH_SOCK" value="/private/tmp/com.apple.launchd.mU6S9iYezC/Listeners"/>
    <property name="java.awt.graphicsenv" value="sun.awt.CGraphicsEnvironment"/>
    <property name="os.arch" value="x86_64"/>
    <property name="java.ext.dirs" value="/Users/liht/Library/Java/Extensions:/Library/Java/JavaVirtualMachines/jdk1.8.0_211.jdk/Contents/Home/jre/lib/ext:/Library/Java/Extensions:/Network/Library/Java/Extensions:/System/Library/Java/Extensions:/usr/lib/java"/>
    <property name="user.dir" value="/Users/liht/Downloads/git/mygit/car-commons/car-commons/car-commons-position"/>
    <property name="line.separator" value="
"/>
    <property name="java.vm.name" value="Java HotSpot(TM) 64-Bit Server VM"/>
    <property name="basedir" value="/Users/liht/Downloads/git/mygit/car-commons/car-commons/car-commons-position"/>
    <property name="file.encoding" value="UTF-8"/>
    <property name="java.specification.version" value="1.8"/>
    <property name="env.JAVA_MAIN_CLASS_49097" value="org.codehaus.classworlds.Launcher"/>
  </properties>
  <testcase classname="com.position.PositionExecutorTest" name="test" time="0.065">
    <error type="java.lang.NullPointerException">java.lang.NullPointerException
	at com.mljr.position.strategy.PositionStrategyHandleFactory.create(PositionStrategyHandleFactory.java:15)
	at com.mljr.position.AbstractPositionExecutor.prepare(AbstractPositionExecutor.java:77)
	at com.mljr.position.AbstractPositionExecutor.execute(AbstractPositionExecutor.java:177)
	at com.position.PositionExecutorTest.test(PositionExecutorTest.java:83)
	at sun.reflect.NativeMethodAccessorImpl.invoke0(Native Method)
	at sun.reflect.NativeMethodAccessorImpl.invoke(NativeMethodAccessorImpl.java:62)
	at sun.reflect.DelegatingMethodAccessorImpl.invoke(DelegatingMethodAccessorImpl.java:43)
	at java.lang.reflect.Method.invoke(Method.java:498)
	at org.junit.runners.model.FrameworkMethod$1.runReflectiveCall(FrameworkMethod.java:44)
	at org.junit.internal.runners.model.ReflectiveCallable.run(ReflectiveCallable.java:15)
	at org.junit.runners.model.FrameworkMethod.invokeExplosively(FrameworkMethod.java:41)
	at org.junit.internal.runners.statements.InvokeMethod.evaluate(InvokeMethod.java:20)
	at org.junit.runners.ParentRunner.runLeaf(ParentRunner.java:263)
	at org.junit.runners.BlockJUnit4ClassRunner.runChild(BlockJUnit4ClassRunner.java:69)
	at org.junit.runners.BlockJUnit4ClassRunner.runChild(BlockJUnit4ClassRunner.java:48)
	at org.junit.runners.ParentRunner$3.run(ParentRunner.java:231)
	at org.junit.runners.ParentRunner$1.schedule(ParentRunner.java:60)
	at org.junit.runners.ParentRunner.runChildren(ParentRunner.java:229)
	at org.junit.runners.ParentRunner.access$000(ParentRunner.java:50)
	at org.junit.runners.ParentRunner$2.evaluate(ParentRunner.java:222)
	at org.junit.runners.ParentRunner.run(ParentRunner.java:292)
	at org.apache.maven.surefire.junit4.JUnit4TestSet.execute(JUnit4TestSet.java:62)
	at org.apache.maven.surefire.suite.AbstractDirectoryTestSuite.executeTestSet(AbstractDirectoryTestSuite.java:140)
	at org.apache.maven.surefire.suite.AbstractDirectoryTestSuite.execute(AbstractDirectoryTestSuite.java:127)
	at org.apache.maven.surefire.Surefire.run(Surefire.java:177)
	at sun.reflect.NativeMethodAccessorImpl.invoke0(Native Method)
	at sun.reflect.NativeMethodAccessorImpl.invoke(NativeMethodAccessorImpl.java:62)
	at sun.reflect.DelegatingMethodAccessorImpl.invoke(DelegatingMethodAccessorImpl.java:43)
	at java.lang.reflect.Method.invoke(Method.java:498)
	at org.apache.maven.surefire.booter.SurefireBooter.runSuitesInProcess(SurefireBooter.java:338)
	at org.apache.maven.surefire.booter.SurefireBooter.main(SurefireBooter.java:997)
</error>
    <system-err>SLF4J: Failed to load class &quot;org.slf4j.impl.StaticLoggerBinder&quot;.
SLF4J: Defaulting to no-operation (NOP) logger implementation
SLF4J: See http://www.slf4j.org/codes.html#StaticLoggerBinder for further details.
</system-err>
  </testcase>
</testsuite>